E_ratio_1_12154116.err
E_ratio_1_12154381.err
O_ratio_1_12154116.out
O_ratio_1_12154381.out
converge.sh
converge_a_gs.dat
converge_a_j.dat
converge_gs.dat
converge_j.dat
size_10.dat
size_12.dat
size_14.dat
size_16.dat
size_18.dat
size_2.dat
size_20.dat
size_22.dat
size_4.dat
size_6.dat
size_8.dat
size_a_0.1.dat
size_a_0.2.dat
size_a_0.3.dat
size_a_0.4.dat
size_a_0.5.dat
size_a_0.6.dat
size_a_0.7.dat
size_a_0.8.dat
size_a_0.9.dat
size_a_1.0.dat
start_size.sh
Architecture:          x86_64
CPU op-mode(s):        32-bit, 64-bit
Byte Order:            Little Endian
CPU(s):                24
On-line CPU(s) list:   0-23
Thread(s) per core:    1
Core(s) per socket:    12
Socket(s):             2
NUMA node(s):          2
Vendor ID:             GenuineIntel
CPU family:            6
Model:                 79
Model name:            Intel(R) Xeon(R) CPU E5-2650 v4 @ 2.20GHz
Stepping:              1
CPU MHz:               2199.865
CPU max MHz:           2900.0000
CPU min MHz:           1200.0000
BogoMIPS:              4389.90
Virtualization:        VT-x
L1d cache:             32K
L1i cache:             32K
L2 cache:              256K
L3 cache:              30720K
NUMA node0 CPU(s):     0-11
NUMA node1 CPU(s):     12-23
Flags:                 fpu vme de pse tsc msr pae mce cx8 apic sep mtrr pge mca cmov pat pse36 clflush dts acpi mmx fxsr sse sse2 ss ht tm pbe syscall nx pdpe1gb rdtscp lm constant_tsc arch_perfmon pebs bts rep_good nopl xtopology nonstop_tsc aperfmperf eagerfpu pni pclmulqdq dtes64 ds_cpl vmx smx est tm2 ssse3 sdbg fma cx16 xtpr pdcm pcid dca sse4_1 sse4_2 x2apic movbe popcnt tsc_deadline_timer aes xsave avx f16c rdrand lahf_lm abm 3dnowprefetch epb cat_l3 cdp_l3 invpcid_single intel_ppin intel_pt ssbd ibrs ibpb stibp tpr_shadow vnmi flexpriority ept vpid fsgsbase tsc_adjust bmi1 hle avx2 smep bmi2 erms invpcid rtm cqm rdt_a rdseed adx smap xsaveopt cqm_llc cqm_occup_llc cqm_mbm_total cqm_mbm_local dtherm ida arat pln pts md_clear spec_ctrl intel_stibp flush_l1d
../poisson_j 0.1
../poisson_j 0.2
../poisson_j 0.3
../poisson_j 0.4
../poisson_j 0.5
../poisson_j 0.6
../poisson_j 0.7
../poisson_j 0.8
../poisson_j 0.9
../poisson_j 1.0
../poisson_j 2
../poisson_j 4
../poisson_j 6
../poisson_j 8
../poisson_j 10
../poisson_j 12
../poisson_j 14
../poisson_j 16
../poisson_j 18
../poisson_j 20
../poisson_j 22
