Loaded module: studio/12u6
/zhome/fa/5/127129/.lsbatch/1641565000.11990303.shell: line 40: cd: /zhome/87/9/127623/Desktop/02461_hpc/assignments/hpc_jan2020/assign1//src/: Not a directory
/zhome/fa/5/127129/.lsbatch/1641565000.11990303.shell: line 49: /zhome/87/9/127623/Desktop/02461_hpc/assignments/hpc_jan2020/assign1//data/expII//ratio_3_mnk..dat: Permission denied
/zhome/fa/5/127129/.lsbatch/1641565000.11990303.shell: line 49: ./matmult_c.gcc: No such file or directory
/zhome/fa/5/127129/.lsbatch/1641565000.11990303.shell: line 49: /zhome/87/9/127623/Desktop/02461_hpc/assignments/hpc_jan2020/assign1//data/expII//ratio_3_mnk..dat: Permission denied
/zhome/fa/5/127129/.lsbatch/1641565000.11990303.shell: line 49: ./matmult_c.gcc: No such file or directory
/zhome/fa/5/127129/.lsbatch/1641565000.11990303.shell: line 49: /zhome/87/9/127623/Desktop/02461_hpc/assignments/hpc_jan2020/assign1//data/expII//ratio_3_mnk..dat: Permission denied
/zhome/fa/5/127129/.lsbatch/1641565000.11990303.shell: line 49: ./matmult_c.gcc: No such file or directory
/zhome/fa/5/127129/.lsbatch/1641565000.11990303.shell: line 49: /zhome/87/9/127623/Desktop/02461_hpc/assignments/hpc_jan2020/assign1//data/expII//ratio_3_mnk..dat: Permission denied
/zhome/fa/5/127129/.lsbatch/1641565000.11990303.shell: line 49: ./matmult_c.gcc: No such file or directory
/zhome/fa/5/127129/.lsbatch/1641565000.11990303.shell: line 49: /zhome/87/9/127623/Desktop/02461_hpc/assignments/hpc_jan2020/assign1//data/expII//ratio_3_mnk..dat: Permission denied
/zhome/fa/5/127129/.lsbatch/1641565000.11990303.shell: line 49: ./matmult_c.gcc: No such file or directory
/zhome/fa/5/127129/.lsbatch/1641565000.11990303.shell: line 49: /zhome/87/9/127623/Desktop/02461_hpc/assignments/hpc_jan2020/assign1//data/expII//ratio_3_mnk..dat: Permission denied
/zhome/fa/5/127129/.lsbatch/1641565000.11990303.shell: line 49: ./matmult_c.gcc: No such file or directory
/zhome/fa/5/127129/.lsbatch/1641565000.11990303.shell: line 49: /zhome/87/9/127623/Desktop/02461_hpc/assignments/hpc_jan2020/assign1//data/expII//ratio_3_mnk..dat: Permission denied
/zhome/fa/5/127129/.lsbatch/1641565000.11990303.shell: line 49: ./matmult_c.gcc: No such file or directory
/zhome/fa/5/127129/.lsbatch/1641565000.11990303.shell: line 49: /zhome/87/9/127623/Desktop/02461_hpc/assignments/hpc_jan2020/assign1//data/expII//ratio_3_mnk..dat: Permission denied
/zhome/fa/5/127129/.lsbatch/1641565000.11990303.shell: line 49: ./matmult_c.gcc: No such file or directory
/zhome/fa/5/127129/.lsbatch/1641565000.11990303.shell: line 49: /zhome/87/9/127623/Desktop/02461_hpc/assignments/hpc_jan2020/assign1//data/expII//ratio_3_mnk..dat: Permission denied
/zhome/fa/5/127129/.lsbatch/1641565000.11990303.shell: line 49: ./matmult_c.gcc: No such file or directory
/zhome/fa/5/127129/.lsbatch/1641565000.11990303.shell: line 49: /zhome/87/9/127623/Desktop/02461_hpc/assignments/hpc_jan2020/assign1//data/expII//ratio_3_mnk..dat: Permission denied
/zhome/fa/5/127129/.lsbatch/1641565000.11990303.shell: line 49: ./matmult_c.gcc: No such file or directory
/zhome/fa/5/127129/.lsbatch/1641565000.11990303.shell: line 49: /zhome/87/9/127623/Desktop/02461_hpc/assignments/hpc_jan2020/assign1//data/expII//ratio_3_mnk..dat: Permission denied
/zhome/fa/5/127129/.lsbatch/1641565000.11990303.shell: line 49: ./matmult_c.gcc: No such file or directory
/zhome/fa/5/127129/.lsbatch/1641565000.11990303.shell: line 49: /zhome/87/9/127623/Desktop/02461_hpc/assignments/hpc_jan2020/assign1//data/expII//ratio_3_mnk..dat: Permission denied
/zhome/fa/5/127129/.lsbatch/1641565000.11990303.shell: line 49: ./matmult_c.gcc: No such file or directory
/zhome/fa/5/127129/.lsbatch/1641565000.11990303.shell: line 49: /zhome/87/9/127623/Desktop/02461_hpc/assignments/hpc_jan2020/assign1//data/expII//ratio_3_mnk..dat: Permission denied
/zhome/fa/5/127129/.lsbatch/1641565000.11990303.shell: line 49: ./matmult_c.gcc: No such file or directory
/zhome/fa/5/127129/.lsbatch/1641565000.11990303.shell: line 49: /zhome/87/9/127623/Desktop/02461_hpc/assignments/hpc_jan2020/assign1//data/expII//ratio_3_mnk..dat: Permission denied
/zhome/fa/5/127129/.lsbatch/1641565000.11990303.shell: line 49: ./matmult_c.gcc: No such file or directory
/zhome/fa/5/127129/.lsbatch/1641565000.11990303.shell: line 49: /zhome/87/9/127623/Desktop/02461_hpc/assignments/hpc_jan2020/assign1//data/expII//ratio_3_mnk..dat: Permission denied
/zhome/fa/5/127129/.lsbatch/1641565000.11990303.shell: line 49: ./matmult_c.gcc: No such file or directory
/zhome/fa/5/127129/.lsbatch/1641565000.11990303.shell: line 49: /zhome/87/9/127623/Desktop/02461_hpc/assignments/hpc_jan2020/assign1//data/expII//ratio_3_mnk..dat: Permission denied
/zhome/fa/5/127129/.lsbatch/1641565000.11990303.shell: line 49: ./matmult_c.gcc: No such file or directory
/zhome/fa/5/127129/.lsbatch/1641565000.11990303.shell: line 49: /zhome/87/9/127623/Desktop/02461_hpc/assignments/hpc_jan2020/assign1//data/expII//ratio_3_mnk..dat: Permission denied
/zhome/fa/5/127129/.lsbatch/1641565000.11990303.shell: line 49: ./matmult_c.gcc: No such file or directory
/zhome/fa/5/127129/.lsbatch/1641565000.11990303.shell: line 49: /zhome/87/9/127623/Desktop/02461_hpc/assignments/hpc_jan2020/assign1//data/expII//ratio_3_mkn..dat: Permission denied
/zhome/fa/5/127129/.lsbatch/1641565000.11990303.shell: line 49: ./matmult_c.gcc: No such file or directory
/zhome/fa/5/127129/.lsbatch/1641565000.11990303.shell: line 49: /zhome/87/9/127623/Desktop/02461_hpc/assignments/hpc_jan2020/assign1//data/expII//ratio_3_mkn..dat: Permission denied
/zhome/fa/5/127129/.lsbatch/1641565000.11990303.shell: line 49: ./matmult_c.gcc: No such file or directory
/zhome/fa/5/127129/.lsbatch/1641565000.11990303.shell: line 49: /zhome/87/9/127623/Desktop/02461_hpc/assignments/hpc_jan2020/assign1//data/expII//ratio_3_mkn..dat: Permission denied
/zhome/fa/5/127129/.lsbatch/1641565000.11990303.shell: line 49: ./matmult_c.gcc: No such file or directory
/zhome/fa/5/127129/.lsbatch/1641565000.11990303.shell: line 49: /zhome/87/9/127623/Desktop/02461_hpc/assignments/hpc_jan2020/assign1//data/expII//ratio_3_mkn..dat: Permission denied
/zhome/fa/5/127129/.lsbatch/1641565000.11990303.shell: line 49: ./matmult_c.gcc: No such file or directory
/zhome/fa/5/127129/.lsbatch/1641565000.11990303.shell: line 49: /zhome/87/9/127623/Desktop/02461_hpc/assignments/hpc_jan2020/assign1//data/expII//ratio_3_mkn..dat: Permission denied
/zhome/fa/5/127129/.lsbatch/1641565000.11990303.shell: line 49: ./matmult_c.gcc: No such file or directory
/zhome/fa/5/127129/.lsbatch/1641565000.11990303.shell: line 49: /zhome/87/9/127623/Desktop/02461_hpc/assignments/hpc_jan2020/assign1//data/expII//ratio_3_mkn..dat: Permission denied
/zhome/fa/5/127129/.lsbatch/1641565000.11990303.shell: line 49: ./matmult_c.gcc: No such file or directory
/zhome/fa/5/127129/.lsbatch/1641565000.11990303.shell: line 49: /zhome/87/9/127623/Desktop/02461_hpc/assignments/hpc_jan2020/assign1//data/expII//ratio_3_mkn..dat: Permission denied
/zhome/fa/5/127129/.lsbatch/1641565000.11990303.shell: line 49: ./matmult_c.gcc: No such file or directory
/zhome/fa/5/127129/.lsbatch/1641565000.11990303.shell: line 49: /zhome/87/9/127623/Desktop/02461_hpc/assignments/hpc_jan2020/assign1//data/expII//ratio_3_mkn..dat: Permission denied
/zhome/fa/5/127129/.lsbatch/1641565000.11990303.shell: line 49: ./matmult_c.gcc: No such file or directory
/zhome/fa/5/127129/.lsbatch/1641565000.11990303.shell: line 49: /zhome/87/9/127623/Desktop/02461_hpc/assignments/hpc_jan2020/assign1//data/expII//ratio_3_mkn..dat: Permission denied
/zhome/fa/5/127129/.lsbatch/1641565000.11990303.shell: line 49: ./matmult_c.gcc: No such file or directory
/zhome/fa/5/127129/.lsbatch/1641565000.11990303.shell: line 49: /zhome/87/9/127623/Desktop/02461_hpc/assignments/hpc_jan2020/assign1//data/expII//ratio_3_mkn..dat: Permission denied
/zhome/fa/5/127129/.lsbatch/1641565000.11990303.shell: line 49: ./matmult_c.gcc: No such file or directory
/zhome/fa/5/127129/.lsbatch/1641565000.11990303.shell: line 49: /zhome/87/9/127623/Desktop/02461_hpc/assignments/hpc_jan2020/assign1//data/expII//ratio_3_mkn..dat: Permission denied
/zhome/fa/5/127129/.lsbatch/1641565000.11990303.shell: line 49: ./matmult_c.gcc: No such file or directory
/zhome/fa/5/127129/.lsbatch/1641565000.11990303.shell: line 49: /zhome/87/9/127623/Desktop/02461_hpc/assignments/hpc_jan2020/assign1//data/expII//ratio_3_mkn..dat: Permission denied
/zhome/fa/5/127129/.lsbatch/1641565000.11990303.shell: line 49: ./matmult_c.gcc: No such file or directory
/zhome/fa/5/127129/.lsbatch/1641565000.11990303.shell: line 49: /zhome/87/9/127623/Desktop/02461_hpc/assignments/hpc_jan2020/assign1//data/expII//ratio_3_mkn..dat: Permission denied
/zhome/fa/5/127129/.lsbatch/1641565000.11990303.shell: line 49: ./matmult_c.gcc: No such file or directory
/zhome/fa/5/127129/.lsbatch/1641565000.11990303.shell: line 49: /zhome/87/9/127623/Desktop/02461_hpc/assignments/hpc_jan2020/assign1//data/expII//ratio_3_mkn..dat: Permission denied
/zhome/fa/5/127129/.lsbatch/1641565000.11990303.shell: line 49: ./matmult_c.gcc: No such file or directory
/zhome/fa/5/127129/.lsbatch/1641565000.11990303.shell: line 49: /zhome/87/9/127623/Desktop/02461_hpc/assignments/hpc_jan2020/assign1//data/expII//ratio_3_mkn..dat: Permission denied
/zhome/fa/5/127129/.lsbatch/1641565000.11990303.shell: line 49: ./matmult_c.gcc: No such file or directory
/zhome/fa/5/127129/.lsbatch/1641565000.11990303.shell: line 49: /zhome/87/9/127623/Desktop/02461_hpc/assignments/hpc_jan2020/assign1//data/expII//ratio_3_mkn..dat: Permission denied
/zhome/fa/5/127129/.lsbatch/1641565000.11990303.shell: line 49: ./matmult_c.gcc: No such file or directory
/zhome/fa/5/127129/.lsbatch/1641565000.11990303.shell: line 49: /zhome/87/9/127623/Desktop/02461_hpc/assignments/hpc_jan2020/assign1//data/expII//ratio_3_mkn..dat: Permission denied
/zhome/fa/5/127129/.lsbatch/1641565000.11990303.shell: line 49: ./matmult_c.gcc: No such file or directory
/zhome/fa/5/127129/.lsbatch/1641565000.11990303.shell: line 49: /zhome/87/9/127623/Desktop/02461_hpc/assignments/hpc_jan2020/assign1//data/expII//ratio_3_nmk..dat: Permission denied
/zhome/fa/5/127129/.lsbatch/1641565000.11990303.shell: line 49: ./matmult_c.gcc: No such file or directory
/zhome/fa/5/127129/.lsbatch/1641565000.11990303.shell: line 49: /zhome/87/9/127623/Desktop/02461_hpc/assignments/hpc_jan2020/assign1//data/expII//ratio_3_nmk..dat: Permission denied
/zhome/fa/5/127129/.lsbatch/1641565000.11990303.shell: line 49: ./matmult_c.gcc: No such file or directory
/zhome/fa/5/127129/.lsbatch/1641565000.11990303.shell: line 49: /zhome/87/9/127623/Desktop/02461_hpc/assignments/hpc_jan2020/assign1//data/expII//ratio_3_nmk..dat: Permission denied
/zhome/fa/5/127129/.lsbatch/1641565000.11990303.shell: line 49: ./matmult_c.gcc: No such file or directory
/zhome/fa/5/127129/.lsbatch/1641565000.11990303.shell: line 49: /zhome/87/9/127623/Desktop/02461_hpc/assignments/hpc_jan2020/assign1//data/expII//ratio_3_nmk..dat: Permission denied
/zhome/fa/5/127129/.lsbatch/1641565000.11990303.shell: line 49: ./matmult_c.gcc: No such file or directory
/zhome/fa/5/127129/.lsbatch/1641565000.11990303.shell: line 49: /zhome/87/9/127623/Desktop/02461_hpc/assignments/hpc_jan2020/assign1//data/expII//ratio_3_nmk..dat: Permission denied
/zhome/fa/5/127129/.lsbatch/1641565000.11990303.shell: line 49: ./matmult_c.gcc: No such file or directory
/zhome/fa/5/127129/.lsbatch/1641565000.11990303.shell: line 49: /zhome/87/9/127623/Desktop/02461_hpc/assignments/hpc_jan2020/assign1//data/expII//ratio_3_nmk..dat: Permission denied
/zhome/fa/5/127129/.lsbatch/1641565000.11990303.shell: line 49: ./matmult_c.gcc: No such file or directory
/zhome/fa/5/127129/.lsbatch/1641565000.11990303.shell: line 49: /zhome/87/9/127623/Desktop/02461_hpc/assignments/hpc_jan2020/assign1//data/expII//ratio_3_nmk..dat: Permission denied
/zhome/fa/5/127129/.lsbatch/1641565000.11990303.shell: line 49: ./matmult_c.gcc: No such file or directory
/zhome/fa/5/127129/.lsbatch/1641565000.11990303.shell: line 49: /zhome/87/9/127623/Desktop/02461_hpc/assignments/hpc_jan2020/assign1//data/expII//ratio_3_nmk..dat: Permission denied
/zhome/fa/5/127129/.lsbatch/1641565000.11990303.shell: line 49: ./matmult_c.gcc: No such file or directory
/zhome/fa/5/127129/.lsbatch/1641565000.11990303.shell: line 49: /zhome/87/9/127623/Desktop/02461_hpc/assignments/hpc_jan2020/assign1//data/expII//ratio_3_nmk..dat: Permission denied
/zhome/fa/5/127129/.lsbatch/1641565000.11990303.shell: line 49: ./matmult_c.gcc: No such file or directory
/zhome/fa/5/127129/.lsbatch/1641565000.11990303.shell: line 49: /zhome/87/9/127623/Desktop/02461_hpc/assignments/hpc_jan2020/assign1//data/expII//ratio_3_nmk..dat: Permission denied
/zhome/fa/5/127129/.lsbatch/1641565000.11990303.shell: line 49: ./matmult_c.gcc: No such file or directory
/zhome/fa/5/127129/.lsbatch/1641565000.11990303.shell: line 49: /zhome/87/9/127623/Desktop/02461_hpc/assignments/hpc_jan2020/assign1//data/expII//ratio_3_nmk..dat: Permission denied
/zhome/fa/5/127129/.lsbatch/1641565000.11990303.shell: line 49: ./matmult_c.gcc: No such file or directory
/zhome/fa/5/127129/.lsbatch/1641565000.11990303.shell: line 49: /zhome/87/9/127623/Desktop/02461_hpc/assignments/hpc_jan2020/assign1//data/expII//ratio_3_nmk..dat: Permission denied
/zhome/fa/5/127129/.lsbatch/1641565000.11990303.shell: line 49: ./matmult_c.gcc: No such file or directory
/zhome/fa/5/127129/.lsbatch/1641565000.11990303.shell: line 49: /zhome/87/9/127623/Desktop/02461_hpc/assignments/hpc_jan2020/assign1//data/expII//ratio_3_nmk..dat: Permission denied
/zhome/fa/5/127129/.lsbatch/1641565000.11990303.shell: line 49: ./matmult_c.gcc: No such file or directory
/zhome/fa/5/127129/.lsbatch/1641565000.11990303.shell: line 49: /zhome/87/9/127623/Desktop/02461_hpc/assignments/hpc_jan2020/assign1//data/expII//ratio_3_nmk..dat: Permission denied
/zhome/fa/5/127129/.lsbatch/1641565000.11990303.shell: line 49: ./matmult_c.gcc: No such file or directory
/zhome/fa/5/127129/.lsbatch/1641565000.11990303.shell: line 49: /zhome/87/9/127623/Desktop/02461_hpc/assignments/hpc_jan2020/assign1//data/expII//ratio_3_nmk..dat: Permission denied
/zhome/fa/5/127129/.lsbatch/1641565000.11990303.shell: line 49: ./matmult_c.gcc: No such file or directory
/zhome/fa/5/127129/.lsbatch/1641565000.11990303.shell: line 49: /zhome/87/9/127623/Desktop/02461_hpc/assignments/hpc_jan2020/assign1//data/expII//ratio_3_nmk..dat: Permission denied
/zhome/fa/5/127129/.lsbatch/1641565000.11990303.shell: line 49: ./matmult_c.gcc: No such file or directory
/zhome/fa/5/127129/.lsbatch/1641565000.11990303.shell: line 49: /zhome/87/9/127623/Desktop/02461_hpc/assignments/hpc_jan2020/assign1//data/expII//ratio_3_nmk..dat: Permission denied
/zhome/fa/5/127129/.lsbatch/1641565000.11990303.shell: line 49: ./matmult_c.gcc: No such file or directory
/zhome/fa/5/127129/.lsbatch/1641565000.11990303.shell: line 49: /zhome/87/9/127623/Desktop/02461_hpc/assignments/hpc_jan2020/assign1//data/expII//ratio_3_nkm..dat: Permission denied
/zhome/fa/5/127129/.lsbatch/1641565000.11990303.shell: line 49: ./matmult_c.gcc: No such file or directory
/zhome/fa/5/127129/.lsbatch/1641565000.11990303.shell: line 49: /zhome/87/9/127623/Desktop/02461_hpc/assignments/hpc_jan2020/assign1//data/expII//ratio_3_nkm..dat: Permission denied
/zhome/fa/5/127129/.lsbatch/1641565000.11990303.shell: line 49: ./matmult_c.gcc: No such file or directory
/zhome/fa/5/127129/.lsbatch/1641565000.11990303.shell: line 49: /zhome/87/9/127623/Desktop/02461_hpc/assignments/hpc_jan2020/assign1//data/expII//ratio_3_nkm..dat: Permission denied
/zhome/fa/5/127129/.lsbatch/1641565000.11990303.shell: line 49: ./matmult_c.gcc: No such file or directory
/zhome/fa/5/127129/.lsbatch/1641565000.11990303.shell: line 49: /zhome/87/9/127623/Desktop/02461_hpc/assignments/hpc_jan2020/assign1//data/expII//ratio_3_nkm..dat: Permission denied
/zhome/fa/5/127129/.lsbatch/1641565000.11990303.shell: line 49: ./matmult_c.gcc: No such file or directory
/zhome/fa/5/127129/.lsbatch/1641565000.11990303.shell: line 49: /zhome/87/9/127623/Desktop/02461_hpc/assignments/hpc_jan2020/assign1//data/expII//ratio_3_nkm..dat: Permission denied
/zhome/fa/5/127129/.lsbatch/1641565000.11990303.shell: line 49: ./matmult_c.gcc: No such file or directory
/zhome/fa/5/127129/.lsbatch/1641565000.11990303.shell: line 49: /zhome/87/9/127623/Desktop/02461_hpc/assignments/hpc_jan2020/assign1//data/expII//ratio_3_nkm..dat: Permission denied
/zhome/fa/5/127129/.lsbatch/1641565000.11990303.shell: line 49: ./matmult_c.gcc: No such file or directory
/zhome/fa/5/127129/.lsbatch/1641565000.11990303.shell: line 49: /zhome/87/9/127623/Desktop/02461_hpc/assignments/hpc_jan2020/assign1//data/expII//ratio_3_nkm..dat: Permission denied
/zhome/fa/5/127129/.lsbatch/1641565000.11990303.shell: line 49: ./matmult_c.gcc: No such file or directory
/zhome/fa/5/127129/.lsbatch/1641565000.11990303.shell: line 49: /zhome/87/9/127623/Desktop/02461_hpc/assignments/hpc_jan2020/assign1//data/expII//ratio_3_nkm..dat: Permission denied
/zhome/fa/5/127129/.lsbatch/1641565000.11990303.shell: line 49: ./matmult_c.gcc: No such file or directory
/zhome/fa/5/127129/.lsbatch/1641565000.11990303.shell: line 49: /zhome/87/9/127623/Desktop/02461_hpc/assignments/hpc_jan2020/assign1//data/expII//ratio_3_nkm..dat: Permission denied
/zhome/fa/5/127129/.lsbatch/1641565000.11990303.shell: line 49: ./matmult_c.gcc: No such file or directory
/zhome/fa/5/127129/.lsbatch/1641565000.11990303.shell: line 49: /zhome/87/9/127623/Desktop/02461_hpc/assignments/hpc_jan2020/assign1//data/expII//ratio_3_nkm..dat: Permission denied
/zhome/fa/5/127129/.lsbatch/1641565000.11990303.shell: line 49: ./matmult_c.gcc: No such file or directory
/zhome/fa/5/127129/.lsbatch/1641565000.11990303.shell: line 49: /zhome/87/9/127623/Desktop/02461_hpc/assignments/hpc_jan2020/assign1//data/expII//ratio_3_nkm..dat: Permission denied
/zhome/fa/5/127129/.lsbatch/1641565000.11990303.shell: line 49: ./matmult_c.gcc: No such file or directory
/zhome/fa/5/127129/.lsbatch/1641565000.11990303.shell: line 49: /zhome/87/9/127623/Desktop/02461_hpc/assignments/hpc_jan2020/assign1//data/expII//ratio_3_nkm..dat: Permission denied
/zhome/fa/5/127129/.lsbatch/1641565000.11990303.shell: line 49: ./matmult_c.gcc: No such file or directory
/zhome/fa/5/127129/.lsbatch/1641565000.11990303.shell: line 49: /zhome/87/9/127623/Desktop/02461_hpc/assignments/hpc_jan2020/assign1//data/expII//ratio_3_nkm..dat: Permission denied
/zhome/fa/5/127129/.lsbatch/1641565000.11990303.shell: line 49: ./matmult_c.gcc: No such file or directory
/zhome/fa/5/127129/.lsbatch/1641565000.11990303.shell: line 49: /zhome/87/9/127623/Desktop/02461_hpc/assignments/hpc_jan2020/assign1//data/expII//ratio_3_nkm..dat: Permission denied
/zhome/fa/5/127129/.lsbatch/1641565000.11990303.shell: line 49: ./matmult_c.gcc: No such file or directory
/zhome/fa/5/127129/.lsbatch/1641565000.11990303.shell: line 49: /zhome/87/9/127623/Desktop/02461_hpc/assignments/hpc_jan2020/assign1//data/expII//ratio_3_nkm..dat: Permission denied
/zhome/fa/5/127129/.lsbatch/1641565000.11990303.shell: line 49: ./matmult_c.gcc: No such file or directory
/zhome/fa/5/127129/.lsbatch/1641565000.11990303.shell: line 49: /zhome/87/9/127623/Desktop/02461_hpc/assignments/hpc_jan2020/assign1//data/expII//ratio_3_nkm..dat: Permission denied
/zhome/fa/5/127129/.lsbatch/1641565000.11990303.shell: line 49: ./matmult_c.gcc: No such file or directory
/zhome/fa/5/127129/.lsbatch/1641565000.11990303.shell: line 49: /zhome/87/9/127623/Desktop/02461_hpc/assignments/hpc_jan2020/assign1//data/expII//ratio_3_nkm..dat: Permission denied
/zhome/fa/5/127129/.lsbatch/1641565000.11990303.shell: line 49: ./matmult_c.gcc: No such file or directory
/zhome/fa/5/127129/.lsbatch/1641565000.11990303.shell: line 49: /zhome/87/9/127623/Desktop/02461_hpc/assignments/hpc_jan2020/assign1//data/expII//ratio_3_kmn..dat: Permission denied
/zhome/fa/5/127129/.lsbatch/1641565000.11990303.shell: line 49: ./matmult_c.gcc: No such file or directory
/zhome/fa/5/127129/.lsbatch/1641565000.11990303.shell: line 49: /zhome/87/9/127623/Desktop/02461_hpc/assignments/hpc_jan2020/assign1//data/expII//ratio_3_kmn..dat: Permission denied
/zhome/fa/5/127129/.lsbatch/1641565000.11990303.shell: line 49: ./matmult_c.gcc: No such file or directory
/zhome/fa/5/127129/.lsbatch/1641565000.11990303.shell: line 49: /zhome/87/9/127623/Desktop/02461_hpc/assignments/hpc_jan2020/assign1//data/expII//ratio_3_kmn..dat: Permission denied
/zhome/fa/5/127129/.lsbatch/1641565000.11990303.shell: line 49: ./matmult_c.gcc: No such file or directory
/zhome/fa/5/127129/.lsbatch/1641565000.11990303.shell: line 49: /zhome/87/9/127623/Desktop/02461_hpc/assignments/hpc_jan2020/assign1//data/expII//ratio_3_kmn..dat: Permission denied
/zhome/fa/5/127129/.lsbatch/1641565000.11990303.shell: line 49: ./matmult_c.gcc: No such file or directory
/zhome/fa/5/127129/.lsbatch/1641565000.11990303.shell: line 49: /zhome/87/9/127623/Desktop/02461_hpc/assignments/hpc_jan2020/assign1//data/expII//ratio_3_kmn..dat: Permission denied
/zhome/fa/5/127129/.lsbatch/1641565000.11990303.shell: line 49: ./matmult_c.gcc: No such file or directory
/zhome/fa/5/127129/.lsbatch/1641565000.11990303.shell: line 49: /zhome/87/9/127623/Desktop/02461_hpc/assignments/hpc_jan2020/assign1//data/expII//ratio_3_kmn..dat: Permission denied
/zhome/fa/5/127129/.lsbatch/1641565000.11990303.shell: line 49: ./matmult_c.gcc: No such file or directory
/zhome/fa/5/127129/.lsbatch/1641565000.11990303.shell: line 49: /zhome/87/9/127623/Desktop/02461_hpc/assignments/hpc_jan2020/assign1//data/expII//ratio_3_kmn..dat: Permission denied
/zhome/fa/5/127129/.lsbatch/1641565000.11990303.shell: line 49: ./matmult_c.gcc: No such file or directory
/zhome/fa/5/127129/.lsbatch/1641565000.11990303.shell: line 49: /zhome/87/9/127623/Desktop/02461_hpc/assignments/hpc_jan2020/assign1//data/expII//ratio_3_kmn..dat: Permission denied
/zhome/fa/5/127129/.lsbatch/1641565000.11990303.shell: line 49: ./matmult_c.gcc: No such file or directory
/zhome/fa/5/127129/.lsbatch/1641565000.11990303.shell: line 49: /zhome/87/9/127623/Desktop/02461_hpc/assignments/hpc_jan2020/assign1//data/expII//ratio_3_kmn..dat: Permission denied
/zhome/fa/5/127129/.lsbatch/1641565000.11990303.shell: line 49: ./matmult_c.gcc: No such file or directory
/zhome/fa/5/127129/.lsbatch/1641565000.11990303.shell: line 49: /zhome/87/9/127623/Desktop/02461_hpc/assignments/hpc_jan2020/assign1//data/expII//ratio_3_kmn..dat: Permission denied
/zhome/fa/5/127129/.lsbatch/1641565000.11990303.shell: line 49: ./matmult_c.gcc: No such file or directory
/zhome/fa/5/127129/.lsbatch/1641565000.11990303.shell: line 49: /zhome/87/9/127623/Desktop/02461_hpc/assignments/hpc_jan2020/assign1//data/expII//ratio_3_kmn..dat: Permission denied
/zhome/fa/5/127129/.lsbatch/1641565000.11990303.shell: line 49: ./matmult_c.gcc: No such file or directory
/zhome/fa/5/127129/.lsbatch/1641565000.11990303.shell: line 49: /zhome/87/9/127623/Desktop/02461_hpc/assignments/hpc_jan2020/assign1//data/expII//ratio_3_kmn..dat: Permission denied
/zhome/fa/5/127129/.lsbatch/1641565000.11990303.shell: line 49: ./matmult_c.gcc: No such file or directory
/zhome/fa/5/127129/.lsbatch/1641565000.11990303.shell: line 49: /zhome/87/9/127623/Desktop/02461_hpc/assignments/hpc_jan2020/assign1//data/expII//ratio_3_kmn..dat: Permission denied
/zhome/fa/5/127129/.lsbatch/1641565000.11990303.shell: line 49: ./matmult_c.gcc: No such file or directory
/zhome/fa/5/127129/.lsbatch/1641565000.11990303.shell: line 49: /zhome/87/9/127623/Desktop/02461_hpc/assignments/hpc_jan2020/assign1//data/expII//ratio_3_kmn..dat: Permission denied
/zhome/fa/5/127129/.lsbatch/1641565000.11990303.shell: line 49: ./matmult_c.gcc: No such file or directory
/zhome/fa/5/127129/.lsbatch/1641565000.11990303.shell: line 49: /zhome/87/9/127623/Desktop/02461_hpc/assignments/hpc_jan2020/assign1//data/expII//ratio_3_kmn..dat: Permission denied
/zhome/fa/5/127129/.lsbatch/1641565000.11990303.shell: line 49: ./matmult_c.gcc: No such file or directory
/zhome/fa/5/127129/.lsbatch/1641565000.11990303.shell: line 49: /zhome/87/9/127623/Desktop/02461_hpc/assignments/hpc_jan2020/assign1//data/expII//ratio_3_kmn..dat: Permission denied
/zhome/fa/5/127129/.lsbatch/1641565000.11990303.shell: line 49: ./matmult_c.gcc: No such file or directory
/zhome/fa/5/127129/.lsbatch/1641565000.11990303.shell: line 49: /zhome/87/9/127623/Desktop/02461_hpc/assignments/hpc_jan2020/assign1//data/expII//ratio_3_kmn..dat: Permission denied
/zhome/fa/5/127129/.lsbatch/1641565000.11990303.shell: line 49: ./matmult_c.gcc: No such file or directory
/zhome/fa/5/127129/.lsbatch/1641565000.11990303.shell: line 49: /zhome/87/9/127623/Desktop/02461_hpc/assignments/hpc_jan2020/assign1//data/expII//ratio_3_knm..dat: Permission denied
/zhome/fa/5/127129/.lsbatch/1641565000.11990303.shell: line 49: ./matmult_c.gcc: No such file or directory
/zhome/fa/5/127129/.lsbatch/1641565000.11990303.shell: line 49: /zhome/87/9/127623/Desktop/02461_hpc/assignments/hpc_jan2020/assign1//data/expII//ratio_3_knm..dat: Permission denied
/zhome/fa/5/127129/.lsbatch/1641565000.11990303.shell: line 49: ./matmult_c.gcc: No such file or directory
/zhome/fa/5/127129/.lsbatch/1641565000.11990303.shell: line 49: /zhome/87/9/127623/Desktop/02461_hpc/assignments/hpc_jan2020/assign1//data/expII//ratio_3_knm..dat: Permission denied
/zhome/fa/5/127129/.lsbatch/1641565000.11990303.shell: line 49: ./matmult_c.gcc: No such file or directory
/zhome/fa/5/127129/.lsbatch/1641565000.11990303.shell: line 49: /zhome/87/9/127623/Desktop/02461_hpc/assignments/hpc_jan2020/assign1//data/expII//ratio_3_knm..dat: Permission denied
/zhome/fa/5/127129/.lsbatch/1641565000.11990303.shell: line 49: ./matmult_c.gcc: No such file or directory
/zhome/fa/5/127129/.lsbatch/1641565000.11990303.shell: line 49: /zhome/87/9/127623/Desktop/02461_hpc/assignments/hpc_jan2020/assign1//data/expII//ratio_3_knm..dat: Permission denied
/zhome/fa/5/127129/.lsbatch/1641565000.11990303.shell: line 49: ./matmult_c.gcc: No such file or directory
/zhome/fa/5/127129/.lsbatch/1641565000.11990303.shell: line 49: /zhome/87/9/127623/Desktop/02461_hpc/assignments/hpc_jan2020/assign1//data/expII//ratio_3_knm..dat: Permission denied
/zhome/fa/5/127129/.lsbatch/1641565000.11990303.shell: line 49: ./matmult_c.gcc: No such file or directory
/zhome/fa/5/127129/.lsbatch/1641565000.11990303.shell: line 49: /zhome/87/9/127623/Desktop/02461_hpc/assignments/hpc_jan2020/assign1//data/expII//ratio_3_knm..dat: Permission denied
/zhome/fa/5/127129/.lsbatch/1641565000.11990303.shell: line 49: ./matmult_c.gcc: No such file or directory
/zhome/fa/5/127129/.lsbatch/1641565000.11990303.shell: line 49: /zhome/87/9/127623/Desktop/02461_hpc/assignments/hpc_jan2020/assign1//data/expII//ratio_3_knm..dat: Permission denied
/zhome/fa/5/127129/.lsbatch/1641565000.11990303.shell: line 49: ./matmult_c.gcc: No such file or directory
/zhome/fa/5/127129/.lsbatch/1641565000.11990303.shell: line 49: /zhome/87/9/127623/Desktop/02461_hpc/assignments/hpc_jan2020/assign1//data/expII//ratio_3_knm..dat: Permission denied
/zhome/fa/5/127129/.lsbatch/1641565000.11990303.shell: line 49: ./matmult_c.gcc: No such file or directory
/zhome/fa/5/127129/.lsbatch/1641565000.11990303.shell: line 49: /zhome/87/9/127623/Desktop/02461_hpc/assignments/hpc_jan2020/assign1//data/expII//ratio_3_knm..dat: Permission denied
/zhome/fa/5/127129/.lsbatch/1641565000.11990303.shell: line 49: ./matmult_c.gcc: No such file or directory
/zhome/fa/5/127129/.lsbatch/1641565000.11990303.shell: line 49: /zhome/87/9/127623/Desktop/02461_hpc/assignments/hpc_jan2020/assign1//data/expII//ratio_3_knm..dat: Permission denied
/zhome/fa/5/127129/.lsbatch/1641565000.11990303.shell: line 49: ./matmult_c.gcc: No such file or directory
/zhome/fa/5/127129/.lsbatch/1641565000.11990303.shell: line 49: /zhome/87/9/127623/Desktop/02461_hpc/assignments/hpc_jan2020/assign1//data/expII//ratio_3_knm..dat: Permission denied
/zhome/fa/5/127129/.lsbatch/1641565000.11990303.shell: line 49: ./matmult_c.gcc: No such file or directory
/zhome/fa/5/127129/.lsbatch/1641565000.11990303.shell: line 49: /zhome/87/9/127623/Desktop/02461_hpc/assignments/hpc_jan2020/assign1//data/expII//ratio_3_knm..dat: Permission denied
/zhome/fa/5/127129/.lsbatch/1641565000.11990303.shell: line 49: ./matmult_c.gcc: No such file or directory
/zhome/fa/5/127129/.lsbatch/1641565000.11990303.shell: line 49: /zhome/87/9/127623/Desktop/02461_hpc/assignments/hpc_jan2020/assign1//data/expII//ratio_3_knm..dat: Permission denied
/zhome/fa/5/127129/.lsbatch/1641565000.11990303.shell: line 49: ./matmult_c.gcc: No such file or directory
/zhome/fa/5/127129/.lsbatch/1641565000.11990303.shell: line 49: /zhome/87/9/127623/Desktop/02461_hpc/assignments/hpc_jan2020/assign1//data/expII//ratio_3_knm..dat: Permission denied
/zhome/fa/5/127129/.lsbatch/1641565000.11990303.shell: line 49: ./matmult_c.gcc: No such file or directory
/zhome/fa/5/127129/.lsbatch/1641565000.11990303.shell: line 49: /zhome/87/9/127623/Desktop/02461_hpc/assignments/hpc_jan2020/assign1//data/expII//ratio_3_knm..dat: Permission denied
/zhome/fa/5/127129/.lsbatch/1641565000.11990303.shell: line 49: ./matmult_c.gcc: No such file or directory
/zhome/fa/5/127129/.lsbatch/1641565000.11990303.shell: line 49: /zhome/87/9/127623/Desktop/02461_hpc/assignments/hpc_jan2020/assign1//data/expII//ratio_3_knm..dat: Permission denied
/zhome/fa/5/127129/.lsbatch/1641565000.11990303.shell: line 49: ./matmult_c.gcc: No such file or directory
