E_ratio_1_11987585.err
E_ratio_1_11988117.err
O_ratio_1_11987585.out
O_ratio_1_11988117.out
blkperf.sh
blksize.sh
experimentII_a.sh
matrix_ratio_1.sh
matrix_ratio_2.sh
matrix_ratio_3.sh
test.sh
Architecture:          x86_64
CPU op-mode(s):        32-bit, 64-bit
Byte Order:            Little Endian
CPU(s):                24
On-line CPU(s) list:   0-23
Thread(s) per core:    1
Core(s) per socket:    12
Socket(s):             2
NUMA node(s):          2
Vendor ID:             GenuineIntel
CPU family:            6
Model:                 79
Model name:            Intel(R) Xeon(R) CPU E5-2650 v4 @ 2.20GHz
Stepping:              1
CPU MHz:               2200.000
CPU max MHz:           2900.0000
CPU min MHz:           1200.0000
BogoMIPS:              4389.90
Virtualization:        VT-x
L1d cache:             32K
L1i cache:             32K
L2 cache:              256K
L3 cache:              30720K
NUMA node0 CPU(s):     0-11
NUMA node1 CPU(s):     12-23
Flags:                 fpu vme de pse tsc msr pae mce cx8 apic sep mtrr pge mca cmov pat pse36 clflush dts acpi mmx fxsr sse sse2 ss ht tm pbe syscall nx pdpe1gb rdtscp lm constant_tsc arch_perfmon pebs bts rep_good nopl xtopology nonstop_tsc aperfmperf eagerfpu pni pclmulqdq dtes64 ds_cpl vmx smx est tm2 ssse3 sdbg fma cx16 xtpr pdcm pcid dca sse4_1 sse4_2 x2apic movbe popcnt tsc_deadline_timer aes xsave avx f16c rdrand lahf_lm abm 3dnowprefetch epb cat_l3 cdp_l3 invpcid_single intel_ppin intel_pt ssbd ibrs ibpb stibp tpr_shadow vnmi flexpriority ept vpid fsgsbase tsc_adjust bmi1 hle avx2 smep bmi2 erms invpcid rtm cqm rdt_a rdseed adx smap xsaveopt cqm_llc cqm_occup_llc cqm_mbm_total cqm_mbm_local dtherm ida arat pln pts md_clear spec_ctrl intel_stibp flush_l1d
./matmult_c.gcc blk 103 10
./matmult_c.gcc blk 103 13
./matmult_c.gcc blk 103 16
./matmult_c.gcc blk 103 19
./matmult_c.gcc blk 103 22
./matmult_c.gcc blk 103 25
./matmult_c.gcc blk 103 28
./matmult_c.gcc blk 103 31
./matmult_c.gcc blk 103 34
./matmult_c.gcc blk 103 37
./matmult_c.gcc blk 103 40
./matmult_c.gcc blk 103 43
./matmult_c.gcc blk 103 46
./matmult_c.gcc blk 103 49
./matmult_c.gcc blk 103 52
./matmult_c.gcc blk 103 55
